[2017-12-11T10:05:57.909] [DEBUG] BusBoardPromise.log - Entered requestLocation.
[2017-12-11T10:05:57.981] [WARN] BusBoardPromise.log - error: null
[2017-12-11T10:05:57.982] [DEBUG] BusBoardPromise.log - successfully retrieved location data
[2017-12-11T10:05:57.984] [DEBUG] BusBoardPromise.log - Entered requestNearbyStops.
[2017-12-11T10:05:58.360] [WARN] BusBoardPromise.log - error: null
[2017-12-11T10:05:58.367] [DEBUG] BusBoardPromise.log - Entered requestArrivals.
[2017-12-11T10:05:58.370] [DEBUG] BusBoardPromise.log - Entered requestArrivalsSingle.
[2017-12-11T10:05:58.375] [DEBUG] BusBoardPromise.log - Entered requestArrivalsSingle.
[2017-12-11T10:05:58.475] [WARN] BusBoardPromise.log - error: null
[2017-12-11T10:05:58.478] [WARN] BusBoardPromise.log - error: null
[2017-12-11T10:06:41.236] [DEBUG] BusBoardPromise.log - Entered requestLocation.
[2017-12-11T10:06:41.303] [WARN] BusBoardPromise.log - error: null
[2017-12-11T10:06:41.305] [DEBUG] BusBoardPromise.log - successfully retrieved location data
[2017-12-11T10:06:41.306] [DEBUG] BusBoardPromise.log - Entered requestNearbyStops.
[2017-12-11T10:06:41.363] [WARN] BusBoardPromise.log - error: null
[2017-12-11T10:06:41.365] [DEBUG] BusBoardPromise.log - Entered requestArrivals.
[2017-12-11T11:38:27.683] [DEBUG] BusBoardPromise.log - Entered requestLocation.
[2017-12-11T11:38:27.781] [WARN] BusBoardPromise.log - error: null
[2017-12-11T11:38:27.782] [DEBUG] BusBoardPromise.log - successfully retrieved location data
[2017-12-11T11:38:27.784] [DEBUG] BusBoardPromise.log - Entered requestNearbyStops.
[2017-12-11T11:38:47.279] [DEBUG] BusBoardPromise.log - Entered requestLocation.
[2017-12-11T11:38:47.350] [WARN] BusBoardPromise.log - error: null
[2017-12-11T11:38:47.352] [DEBUG] BusBoardPromise.log - successfully retrieved location data
[2017-12-11T11:38:47.354] [DEBUG] BusBoardPromise.log - Entered requestNearbyStops.
[2017-12-11T11:38:47.714] [DEBUG] BusBoardPromise.log - Entered requestArrivals.
[2017-12-11T11:39:08.905] [DEBUG] BusBoardPromise.log - Entered requestArrivals.
[2017-12-11T11:39:10.485] [DEBUG] BusBoardPromise.log - Entered requestLocation.
[2017-12-11T11:39:10.578] [WARN] BusBoardPromise.log - error: null
[2017-12-11T11:39:10.579] [DEBUG] BusBoardPromise.log - successfully retrieved location data
[2017-12-11T11:39:10.581] [DEBUG] BusBoardPromise.log - Entered requestNearbyStops.
[2017-12-11T11:54:16.626] [DEBUG] BusBoardPromise.log - Entered requestArrivals.
